  [1m[35m (489.8ms)[0m  [1m[35mCREATE DATABASE "ninety_nine_cats_development" ENCODING = 'unicode'[0m
  ↳ bin/rails:9
  [1m[35m (252.5ms)[0m  [1m[35mCREATE DATABASE "ninety_nine_cats_test" ENCODING = 'unicode'[0m
  ↳ bin/rails:9
  [1m[35m (359.4ms)[0m  [1m[35mCREATE TABLE "schema_migrations" ("version" character varying NOT NULL PRIMARY KEY)[0m
  ↳ bin/rails:9
  [1m[35m (22.9ms)[0m  [1m[35mCREATE TABLE "ar_internal_metadata" ("key" character varying NOT NULL PRIMARY KEY, "value" character varying, "created_at" timestamp NOT NULL, "updated_at" timestamp NOT NULL)[0m
  ↳ bin/rails:9
  [1m[35m (29.6ms)[0m  [1m[34mSELECT pg_try_advisory_lock(723150122408807205)[0m
  ↳ bin/rails:9
  [1m[35m (1.4ms)[0m  [1m[34mSELECT "schema_migrations"."version" FROM "schema_migrations" ORDER BY "schema_migrations"."version" ASC[0m
  ↳ bin/rails:9
Migrating to CreateCats (20181113195409)
  [1m[35m (12.5ms)[0m  [1m[35mBEGIN[0m
  ↳ bin/rails:9
  [1m[35m (45.0ms)[0m  [1m[35mCREATE TABLE "cats" ("id" bigserial primary key, "birth_date" date NOT NULL, "color" character varying NOT NULL, "name" character varying NOT NULL, "sex" character varying(1) NOT NULL, "description" text, "created_at" timestamp NOT NULL, "updated_at" timestamp NOT NULL)[0m
  ↳ db/migrate/20181113195409_create_cats.rb:3
  [1m[35m (2.0ms)[0m  [1m[35mCREATE  INDEX  "index_cats_on_name" ON "cats"  ("name")[0m
  ↳ db/migrate/20181113195409_create_cats.rb:11
  [1m[36mActiveRecord::SchemaMigration Create (0.8ms)[0m  [1m[32mINSERT INTO "schema_migrations" ("version") VALUES ($1) RETURNING "version"[0m  [["version", "20181113195409"]]
  ↳ bin/rails:9
  [1m[35m (0.7ms)[0m  [1m[35mCOMMIT[0m
  ↳ bin/rails:9
  [1m[36mActiveRecord::InternalMetadata Load (18.3ms)[0m  [1m[34mSELECT  "ar_internal_metadata".* FROM "ar_internal_metadata" WHERE "ar_internal_metadata"."key" = $1 LIMIT $2[0m  [["key", "environment"], ["LIMIT", 1]]
  ↳ bin/rails:9
  [1m[35m (0.2ms)[0m  [1m[35mBEGIN[0m
  ↳ bin/rails:9
  [1m[36mActiveRecord::InternalMetadata Create (13.3ms)[0m  [1m[32mINSERT INTO "ar_internal_metadata" ("key", "value", "created_at", "updated_at") VALUES ($1, $2, $3, $4) RETURNING "key"[0m  [["key", "environment"], ["value", "development"], ["created_at", "2018-11-13 20:01:32.589138"], ["updated_at", "2018-11-13 20:01:32.589138"]]
  ↳ bin/rails:9
  [1m[35m (0.6ms)[0m  [1m[35mCOMMIT[0m
  ↳ bin/rails:9
  [1m[35m (0.5ms)[0m  [1m[34mSELECT pg_advisory_unlock(723150122408807205)[0m
  ↳ bin/rails:9
  [1m[35m (32.9ms)[0m  [1m[34mSELECT "schema_migrations"."version" FROM "schema_migrations" ORDER BY "schema_migrations"."version" ASC[0m
  ↳ bin/rails:9
  [1m[35m (0.3ms)[0m  [1m[35mBEGIN[0m
  [1m[35m (18.0ms)[0m  [1m[31mROLLBACK[0m
Started GET "/cats" for 127.0.0.1 at 2018-11-13 12:21:24 -0800
  [1m[35m (1.6ms)[0m  [1m[34mSELECT "schema_migrations"."version" FROM "schema_migrations" ORDER BY "schema_migrations"."version" ASC[0m
  ↳ /usr/local/var/rbenv/versions/2.5.0/lib/ruby/gems/2.5.0/gems/activerecord-5.2.1/lib/active_record/log_subscriber.rb:98
Processing by CatsController#index as HTML
  Rendering cats/index.html.erb within layouts/application
  Rendered cats/index.html.erb within layouts/application (2.7ms)
Completed 200 OK in 710ms (Views: 635.7ms | ActiveRecord: 0.0ms)


  [1m[35m (1.2ms)[0m  [1m[34mSELECT "schema_migrations"."version" FROM "schema_migrations" ORDER BY "schema_migrations"."version" ASC[0m
  ↳ bin/rails:9
  [1m[36mCat Load (1.6ms)[0m  [1m[34mSELECT "cats".* FROM "cats"[0m
  ↳ db/seeds.rb:8
  [1m[35m (0.2ms)[0m  [1m[35mBEGIN[0m
  ↳ db/seeds.rb:10
  [1m[36mCat Create (19.8ms)[0m  [1m[32mINSERT INTO "cats" ("birth_date", "color", "name", "sex", "description", "created_at", "updated_at") VALUES ($1, $2, $3, $4, $5, $6, $7) RETURNING "id"[0m  [["birth_date", "1950-01-01"], ["color", "tabby"], ["name", "McGonanagal"], ["sex", "F"], ["description", "smart and stern"], ["created_at", "2018-11-13 21:54:31.959307"], ["updated_at", "2018-11-13 21:54:31.959307"]]
  ↳ db/seeds.rb:10
  [1m[35m (11.0ms)[0m  [1m[35mCOMMIT[0m
  ↳ db/seeds.rb:10
  [1m[35m (0.2ms)[0m  [1m[35mBEGIN[0m
  ↳ db/seeds.rb:11
  [1m[36mCat Create (9.1ms)[0m  [1m[32mINSERT INTO "cats" ("birth_date", "color", "name", "sex", "description", "created_at", "updated_at") VALUES ($1, $2, $3, $4, $5, $6, $7) RETURNING "id"[0m  [["birth_date", "1990-01-05"], ["color", "ginger"], ["name", "Crookshanks"], ["sex", "M"], ["description", "smart and grumpy"], ["created_at", "2018-11-13 21:54:32.003788"], ["updated_at", "2018-11-13 21:54:32.003788"]]
  ↳ db/seeds.rb:11
  [1m[35m (0.7ms)[0m  [1m[35mCOMMIT[0m
  ↳ db/seeds.rb:11
  [1m[35m (0.3ms)[0m  [1m[35mBEGIN[0m
  ↳ db/seeds.rb:12
  [1m[35m (0.3ms)[0m  [1m[31mROLLBACK[0m
  ↳ db/seeds.rb:12
  [1m[35m (0.1ms)[0m  [1m[35mBEGIN[0m
  ↳ db/seeds.rb:13
  [1m[36mCat Create (0.6ms)[0m  [1m[32mINSERT INTO "cats" ("birth_date", "color", "name", "sex", "description", "created_at", "updated_at") VALUES ($1, $2, $3, $4, $5, $6, $7) RETURNING "id"[0m  [["birth_date", "2009-02-06"], ["color", "blue"], ["name", "Kai"], ["sex", "M"], ["description", "chill and cool"], ["created_at", "2018-11-13 21:54:32.033691"], ["updated_at", "2018-11-13 21:54:32.033691"]]
  ↳ db/seeds.rb:13
  [1m[35m (0.5ms)[0m  [1m[35mCOMMIT[0m
  ↳ db/seeds.rb:13
  [1m[35m (0.2ms)[0m  [1m[35mBEGIN[0m
  ↳ db/seeds.rb:14
  [1m[35m (0.1ms)[0m  [1m[31mROLLBACK[0m
  ↳ db/seeds.rb:14
  [1m[36mCat Load (19.6ms)[0m  [1m[34mSELECT "cats".* FROM "cats"[0m
Started GET "/cats" for 127.0.0.1 at 2018-11-13 13:55:00 -0800
Processing by CatsController#index as HTML
  Rendering cats/index.html.erb within layouts/application
  [1m[36mCat Load (1.2ms)[0m  [1m[34mSELECT "cats".* FROM "cats"[0m
  ↳ app/views/cats/index.html.erb:4
  Rendered cats/_cat.html.erb (3.3ms)
  Rendered cats/_cat.html.erb (0.3ms)
  Rendered cats/_cat.html.erb (0.3ms)
  Rendered cats/index.html.erb within layouts/application (37.6ms)
Completed 200 OK in 72ms (Views: 57.6ms | ActiveRecord: 11.6ms)


  [1m[36mCat Load (0.6ms)[0m  [1m[34mSELECT  "cats".* FROM "cats" ORDER BY "cats"."id" DESC LIMIT $1[0m  [["LIMIT", 1]]
  [1m[35m (1.1ms)[0m  [1m[34mSELECT "schema_migrations"."version" FROM "schema_migrations" ORDER BY "schema_migrations"."version" ASC[0m
  ↳ bin/rails:9
  [1m[36mCat Load (1.1ms)[0m  [1m[34mSELECT "cats".* FROM "cats"[0m
  ↳ db/seeds.rb:8
  [1m[35m (0.3ms)[0m  [1m[35mBEGIN[0m
  ↳ db/seeds.rb:8
  [1m[36mCat Destroy (0.7ms)[0m  [1m[31mDELETE FROM "cats" WHERE "cats"."id" = $1[0m  [["id", 1]]
  ↳ db/seeds.rb:8
  [1m[35m (18.1ms)[0m  [1m[35mCOMMIT[0m
  ↳ db/seeds.rb:8
  [1m[35m (0.2ms)[0m  [1m[35mBEGIN[0m
  ↳ db/seeds.rb:8
  [1m[36mCat Destroy (0.7ms)[0m  [1m[31mDELETE FROM "cats" WHERE "cats"."id" = $1[0m  [["id", 2]]
  ↳ db/seeds.rb:8
  [1m[35m (6.6ms)[0m  [1m[35mCOMMIT[0m
  ↳ db/seeds.rb:8
  [1m[35m (0.3ms)[0m  [1m[35mBEGIN[0m
  ↳ db/seeds.rb:8
  [1m[36mCat Destroy (0.8ms)[0m  [1m[31mDELETE FROM "cats" WHERE "cats"."id" = $1[0m  [["id", 3]]
  ↳ db/seeds.rb:8
  [1m[35m (0.5ms)[0m  [1m[35mCOMMIT[0m
  ↳ db/seeds.rb:8
  [1m[35m (0.2ms)[0m  [1m[35mBEGIN[0m
  ↳ db/seeds.rb:10
  [1m[36mCat Create (0.9ms)[0m  [1m[32mINSERT INTO "cats" ("birth_date", "color", "name", "sex", "description", "created_at", "updated_at") VALUES ($1, $2, $3, $4, $5, $6, $7) RETURNING "id"[0m  [["birth_date", "1950-01-01"], ["color", "tabby"], ["name", "McGonanagal"], ["sex", "F"], ["description", "smart and stern"], ["created_at", "2018-11-13 21:57:20.652839"], ["updated_at", "2018-11-13 21:57:20.652839"]]
  ↳ db/seeds.rb:10
  [1m[35m (0.5ms)[0m  [1m[35mCOMMIT[0m
  ↳ db/seeds.rb:10
  [1m[35m (0.1ms)[0m  [1m[35mBEGIN[0m
  ↳ db/seeds.rb:11
  [1m[36mCat Create (0.5ms)[0m  [1m[32mINSERT INTO "cats" ("birth_date", "color", "name", "sex", "description", "created_at", "updated_at") VALUES ($1, $2, $3, $4, $5, $6, $7) RETURNING "id"[0m  [["birth_date", "1990-01-05"], ["color", "ginger"], ["name", "Crookshanks"], ["sex", "M"], ["description", "smart and grumpy"], ["created_at", "2018-11-13 21:57:20.657276"], ["updated_at", "2018-11-13 21:57:20.657276"]]
  ↳ db/seeds.rb:11
  [1m[35m (0.5ms)[0m  [1m[35mCOMMIT[0m
  ↳ db/seeds.rb:11
  [1m[35m (0.2ms)[0m  [1m[35mBEGIN[0m
  ↳ db/seeds.rb:12
  [1m[36mCat Create (0.6ms)[0m  [1m[32mINSERT INTO "cats" ("birth_date", "color", "name", "sex", "description", "created_at", "updated_at") VALUES ($1, $2, $3, $4, $5, $6, $7) RETURNING "id"[0m  [["birth_date", "2005-10-31"], ["color", "black"], ["name", "Lil Miss"], ["sex", "F"], ["description", "sassy and feral"], ["created_at", "2018-11-13 21:57:20.660592"], ["updated_at", "2018-11-13 21:57:20.660592"]]
  ↳ db/seeds.rb:12
  [1m[35m (0.5ms)[0m  [1m[35mCOMMIT[0m
  ↳ db/seeds.rb:12
  [1m[35m (0.1ms)[0m  [1m[35mBEGIN[0m
  ↳ db/seeds.rb:13
  [1m[36mCat Create (0.5ms)[0m  [1m[32mINSERT INTO "cats" ("birth_date", "color", "name", "sex", "description", "created_at", "updated_at") VALUES ($1, $2, $3, $4, $5, $6, $7) RETURNING "id"[0m  [["birth_date", "2009-02-06"], ["color", "blue"], ["name", "Kai"], ["sex", "M"], ["description", "chill and cool"], ["created_at", "2018-11-13 21:57:20.663647"], ["updated_at", "2018-11-13 21:57:20.663647"]]
  ↳ db/seeds.rb:13
  [1m[35m (0.5ms)[0m  [1m[35mCOMMIT[0m
  ↳ db/seeds.rb:13
  [1m[35m (0.1ms)[0m  [1m[35mBEGIN[0m
  ↳ db/seeds.rb:14
  [1m[36mCat Create (0.4ms)[0m  [1m[32mINSERT INTO "cats" ("birth_date", "color", "name", "sex", "description", "created_at", "updated_at") VALUES ($1, $2, $3, $4, $5, $6, $7) RETURNING "id"[0m  [["birth_date", "2000-10-30"], ["color", "brown"], ["name", "Gryffindor"], ["sex", "M"], ["description", "loyal and loving"], ["created_at", "2018-11-13 21:57:20.666388"], ["updated_at", "2018-11-13 21:57:20.666388"]]
  ↳ db/seeds.rb:14
  [1m[35m (0.5ms)[0m  [1m[35mCOMMIT[0m
  ↳ db/seeds.rb:14
Started GET "/cats" for 127.0.0.1 at 2018-11-13 13:57:24 -0800
Processing by CatsController#index as HTML
  Rendering cats/index.html.erb within layouts/application
  [1m[36mCat Load (0.7ms)[0m  [1m[34mSELECT "cats".* FROM "cats"[0m
  ↳ app/views/cats/index.html.erb:4
  Rendered cats/_cat.html.erb (1.2ms)
  Rendered cats/_cat.html.erb (0.3ms)
  Rendered cats/_cat.html.erb (0.3ms)
  Rendered cats/_cat.html.erb (0.4ms)
  Rendered cats/_cat.html.erb (0.2ms)
  Rendered cats/index.html.erb within layouts/application (22.1ms)
Completed 200 OK in 77ms (Views: 75.2ms | ActiveRecord: 0.7ms)


Started GET "/cats/2" for 127.0.0.1 at 2018-11-13 14:00:20 -0800
Processing by CatsController#show as HTML
  Parameters: {"id"=>"2"}
  [1m[36mCat Load (0.5ms)[0m  [1m[34mSELECT  "cats".* FROM "cats" WHERE "cats"."id" = $1 LIMIT $2[0m  [["id", 2], ["LIMIT", 1]]
  ↳ app/controllers/cats_controller.rb:9
Completed 404 Not Found in 73ms (ActiveRecord: 7.3ms)



ActiveRecord::RecordNotFound - Couldn't find Cat with 'id'=2:
  app/controllers/cats_controller.rb:9:in `show'

Started POST "/__better_errors/162e6dec562ccf5e/variables" for 127.0.0.1 at 2018-11-13 14:00:20 -0800
Started GET "/cats/6" for 127.0.0.1 at 2018-11-13 14:00:31 -0800
Processing by CatsController#show as HTML
  Parameters: {"id"=>"6"}
  [1m[36mCat Load (0.7ms)[0m  [1m[34mSELECT  "cats".* FROM "cats" WHERE "cats"."id" = $1 LIMIT $2[0m  [["id", 6], ["LIMIT", 1]]
  ↳ app/controllers/cats_controller.rb:9
  Rendering cats/show.html.erb within layouts/application
  Rendered cats/_cat.html.erb (0.9ms)
  Rendered cats/show.html.erb within layouts/application (6.2ms)
Completed 200 OK in 55ms (Views: 43.3ms | ActiveRecord: 0.7ms)


Started GET "/cats/new" for 127.0.0.1 at 2018-11-13 14:32:25 -0800
Processing by CatsController#new as HTML
  Rendering cats/new.html.erb within layouts/application
  Rendered cats/_cat_form.html.erb (1.8ms)
  Rendered cats/new.html.erb within layouts/application (12.7ms)
Completed 200 OK in 125ms (Views: 38.9ms | ActiveRecord: 12.8ms)


Started GET "/cats/new" for 127.0.0.1 at 2018-11-13 14:34:30 -0800
Processing by CatsController#new as HTML
  Rendering cats/new.html.erb within layouts/application
  Rendered cats/_cat_form.html.erb (1.6ms)
  Rendered cats/new.html.erb within layouts/application (4.4ms)
Completed 200 OK in 80ms (Views: 79.5ms | ActiveRecord: 0.0ms)


Started POST "/cats" for 127.0.0.1 at 2018-11-13 14:35:19 -0800
Processing by CatsController#create as HTML
  Parameters: {"cat"=>{"name"=>"Jeremy", "sex"=>"M", "birth_date"=>"1988-05-24", "color"=>"white", "description"=>"spoke in class today"}}
  [1m[35m (0.3ms)[0m  [1m[35mBEGIN[0m
  ↳ app/controllers/cats_controller.rb:21
  [1m[36mCat Create (1.1ms)[0m  [1m[32mINSERT INTO "cats" ("birth_date", "color", "name", "sex", "description", "created_at", "updated_at") VALUES ($1, $2, $3, $4, $5, $6, $7) RETURNING "id"[0m  [["birth_date", "1988-05-24"], ["color", "white"], ["name", "Jeremy"], ["sex", "M"], ["description", "spoke in class today"], ["created_at", "2018-11-13 22:35:19.079908"], ["updated_at", "2018-11-13 22:35:19.079908"]]
  ↳ app/controllers/cats_controller.rb:21
  [1m[35m (23.2ms)[0m  [1m[35mCOMMIT[0m
  ↳ app/controllers/cats_controller.rb:21
Redirected to http://localhost:3000/cats/9
Completed 302 Found in 33ms (ActiveRecord: 24.6ms)


Started GET "/cats/9" for 127.0.0.1 at 2018-11-13 14:35:19 -0800
Processing by CatsController#show as HTML
  Parameters: {"id"=>"9"}
  [1m[36mCat Load (0.7ms)[0m  [1m[34mSELECT  "cats".* FROM "cats" WHERE "cats"."id" = $1 LIMIT $2[0m  [["id", 9], ["LIMIT", 1]]
  ↳ app/controllers/cats_controller.rb:9
  Rendering cats/show.html.erb within layouts/application
  Rendered cats/_cat.html.erb (1.2ms)
  Rendered cats/show.html.erb within layouts/application (3.9ms)
Completed 200 OK in 19ms (Views: 14.3ms | ActiveRecord: 1.0ms)


Started GET "/cats/" for 127.0.0.1 at 2018-11-13 14:35:22 -0800
Processing by CatsController#index as HTML
  Rendering cats/index.html.erb within layouts/application
  [1m[36mCat Load (0.5ms)[0m  [1m[34mSELECT "cats".* FROM "cats"[0m
  ↳ app/views/cats/index.html.erb:4
  Rendered cats/_cat.html.erb (0.6ms)
  Rendered cats/_cat.html.erb (0.2ms)
  Rendered cats/_cat.html.erb (0.4ms)
  Rendered cats/_cat.html.erb (0.2ms)
  Rendered cats/_cat.html.erb (0.5ms)
  Rendered cats/_cat.html.erb (0.2ms)
  Rendered cats/index.html.erb within layouts/application (16.9ms)
Completed 200 OK in 47ms (Views: 45.6ms | ActiveRecord: 0.5ms)


Started GET "/cats/new" for 127.0.0.1 at 2018-11-13 14:37:22 -0800
Processing by CatsController#new as HTML
  Rendering cats/new.html.erb within layouts/application
  Rendered cats/_cat_form.html.erb (1.4ms)
  Rendered cats/new.html.erb within layouts/application (4.3ms)
Completed 200 OK in 86ms (Views: 85.6ms | ActiveRecord: 0.0ms)


Started GET "/cats/9" for 127.0.0.1 at 2018-11-13 14:39:41 -0800
Processing by CatsController#show as HTML
  Parameters: {"id"=>"9"}
  [1m[36mCat Load (0.5ms)[0m  [1m[34mSELECT  "cats".* FROM "cats" WHERE "cats"."id" = $1 LIMIT $2[0m  [["id", 9], ["LIMIT", 1]]
  ↳ app/controllers/cats_controller.rb:9
  Rendering cats/show.html.erb within layouts/application
  Rendered cats/_cat.html.erb (0.8ms)
  Rendered cats/show.html.erb within layouts/application (3.5ms)
Completed 200 OK in 61ms (Views: 15.4ms | ActiveRecord: 7.7ms)


Started GET "/cats/9/edit" for 127.0.0.1 at 2018-11-13 14:39:44 -0800
Processing by CatsController#edit as HTML
  Parameters: {"id"=>"9"}
  [1m[36mCat Load (0.9ms)[0m  [1m[34mSELECT  "cats".* FROM "cats" WHERE "cats"."id" = $1 LIMIT $2[0m  [["id", 9], ["LIMIT", 1]]
  ↳ app/controllers/cats_controller.rb:29
  Rendering cats/edit.html.erb within layouts/application
  Rendered cats/_cat_form.html.erb (28.5ms)
  Rendered cats/edit.html.erb within layouts/application (31.9ms)
Completed 200 OK in 48ms (Views: 45.0ms | ActiveRecord: 0.9ms)


Started PATCH "/cats/9" for 127.0.0.1 at 2018-11-13 14:42:19 -0800
Processing by CatsController#update as HTML
  Parameters: {"cat"=>{"name"=>"Jeremy", "sex"=>"M", "birth_date"=>"1988-05-24", "color"=>"white", "description"=>"didn't speak in class today\r\n  "}, "id"=>"9"}
  [1m[36mCat Load (0.6ms)[0m  [1m[34mSELECT  "cats".* FROM "cats" WHERE "cats"."id" = $1 LIMIT $2[0m  [["id", 9], ["LIMIT", 1]]
  ↳ app/controllers/cats_controller.rb:34
  [1m[35m (0.3ms)[0m  [1m[35mBEGIN[0m
  ↳ app/controllers/cats_controller.rb:36
  [1m[36mCat Update (25.9ms)[0m  [1m[33mUPDATE "cats" SET "description" = $1, "updated_at" = $2 WHERE "cats"."id" = $3[0m  [["description", "didn't speak in class today\r\n  "], ["updated_at", "2018-11-13 22:42:19.334342"], ["id", 9]]
  ↳ app/controllers/cats_controller.rb:36
  [1m[35m (0.5ms)[0m  [1m[35mCOMMIT[0m
  ↳ app/controllers/cats_controller.rb:36
Redirected to http://localhost:3000/cats/9
Completed 302 Found in 51ms (ActiveRecord: 34.2ms)


Started GET "/cats/9" for 127.0.0.1 at 2018-11-13 14:42:19 -0800
Processing by CatsController#show as HTML
  Parameters: {"id"=>"9"}
  [1m[36mCat Load (0.5ms)[0m  [1m[34mSELECT  "cats".* FROM "cats" WHERE "cats"."id" = $1 LIMIT $2[0m  [["id", 9], ["LIMIT", 1]]
  ↳ app/controllers/cats_controller.rb:9
  Rendering cats/show.html.erb within layouts/application
  Rendered cats/_cat.html.erb (0.6ms)
  Rendered cats/show.html.erb within layouts/application (3.0ms)
Completed 200 OK in 15ms (Views: 12.9ms | ActiveRecord: 0.5ms)


  [1m[35m (0.4ms)[0m  [1m[34mSELECT pg_try_advisory_lock(723150122408807205)[0m
  ↳ bin/rails:9
  [1m[35m (1.2ms)[0m  [1m[34mSELECT "schema_migrations"."version" FROM "schema_migrations" ORDER BY "schema_migrations"."version" ASC[0m
  ↳ bin/rails:9
Migrating to CreateCatRentalRequests (20181113224506)
  [1m[35m (0.4ms)[0m  [1m[35mBEGIN[0m
  ↳ bin/rails:9
  [1m[35m (60.6ms)[0m  [1m[35mCREATE TABLE "cat_rental_requests" ("id" bigserial primary key, "cat_id" integer NOT NULL, "start_date" date NOT NULL, "end_date" date NOT NULL, "status" character varying DEFAULT 'PENDING' NOT NULL, "created_at" timestamp NOT NULL, "updated_at" timestamp NOT NULL)[0m
  ↳ db/migrate/20181113224506_create_cat_rental_requests.rb:3
  [1m[35m (1.3ms)[0m  [1m[35mCREATE  INDEX  "index_cat_rental_requests_on_cat_id" ON "cat_rental_requests"  ("cat_id")[0m
  ↳ db/migrate/20181113224506_create_cat_rental_requests.rb:10
  [1m[36mActiveRecord::SchemaMigration Create (0.5ms)[0m  [1m[32mINSERT INTO "schema_migrations" ("version") VALUES ($1) RETURNING "version"[0m  [["version", "20181113224506"]]
  ↳ bin/rails:9
  [1m[35m (1.3ms)[0m  [1m[35mCOMMIT[0m
  ↳ bin/rails:9
  [1m[36mActiveRecord::InternalMetadata Load (7.3ms)[0m  [1m[34mSELECT  "ar_internal_metadata".* FROM "ar_internal_metadata" WHERE "ar_internal_metadata"."key" = $1 LIMIT $2[0m  [["key", "environment"], ["LIMIT", 1]]
  ↳ bin/rails:9
  [1m[35m (0.2ms)[0m  [1m[35mBEGIN[0m
  ↳ bin/rails:9
  [1m[35m (0.2ms)[0m  [1m[35mCOMMIT[0m
  ↳ bin/rails:9
  [1m[35m (0.3ms)[0m  [1m[34mSELECT pg_advisory_unlock(723150122408807205)[0m
  ↳ bin/rails:9
  [1m[35m (0.3ms)[0m  [1m[34mSELECT "schema_migrations"."version" FROM "schema_migrations" ORDER BY "schema_migrations"."version" ASC[0m
  ↳ bin/rails:9
  [1m[35m (11.1ms)[0m  [1m[34mSELECT "schema_migrations"."version" FROM "schema_migrations" ORDER BY "schema_migrations"."version" ASC[0m
  ↳ bin/rails:9
  [1m[35m (1.1ms)[0m  [1m[34mSELECT "schema_migrations"."version" FROM "schema_migrations" ORDER BY "schema_migrations"."version" ASC[0m
  ↳ bin/rails:9
  [1m[36mCat Load (0.9ms)[0m  [1m[34mSELECT "cats".* FROM "cats"[0m
  ↳ db/seeds.rb:8
  [1m[35m (0.4ms)[0m  [1m[35mBEGIN[0m
  ↳ db/seeds.rb:8
  [1m[35m (0.3ms)[0m  [1m[31mROLLBACK[0m
  ↳ db/seeds.rb:8
  [1m[35m (1.2ms)[0m  [1m[34mSELECT "schema_migrations"."version" FROM "schema_migrations" ORDER BY "schema_migrations"."version" ASC[0m
  ↳ bin/rails:9
  [1m[36mCat Load (1.0ms)[0m  [1m[34mSELECT "cats".* FROM "cats"[0m
  ↳ db/seeds.rb:8
  [1m[35m (0.3ms)[0m  [1m[35mBEGIN[0m
  ↳ db/seeds.rb:8
  [1m[36mCatRentalRequest Load (19.3ms)[0m  [1m[34mSELECT "cat_rental_requests".* FROM "cat_rental_requests" WHERE "cat_rental_requests"."cat_id" = $1[0m  [["cat_id", 4]]
  ↳ db/seeds.rb:8
  [1m[36mCat Destroy (0.8ms)[0m  [1m[31mDELETE FROM "cats" WHERE "cats"."id" = $1[0m  [["id", 4]]
  ↳ db/seeds.rb:8
  [1m[35m (9.5ms)[0m  [1m[35mCOMMIT[0m
  ↳ db/seeds.rb:8
  [1m[35m (0.3ms)[0m  [1m[35mBEGIN[0m
  ↳ db/seeds.rb:8
  [1m[36mCatRentalRequest Load (0.5ms)[0m  [1m[34mSELECT "cat_rental_requests".* FROM "cat_rental_requests" WHERE "cat_rental_requests"."cat_id" = $1[0m  [["cat_id", 5]]
  ↳ db/seeds.rb:8
  [1m[36mCat Destroy (0.5ms)[0m  [1m[31mDELETE FROM "cats" WHERE "cats"."id" = $1[0m  [["id", 5]]
  ↳ db/seeds.rb:8
  [1m[35m (0.5ms)[0m  [1m[35mCOMMIT[0m
  ↳ db/seeds.rb:8
  [1m[35m (0.1ms)[0m  [1m[35mBEGIN[0m
  ↳ db/seeds.rb:8
  [1m[36mCatRentalRequest Load (0.4ms)[0m  [1m[34mSELECT "cat_rental_requests".* FROM "cat_rental_requests" WHERE "cat_rental_requests"."cat_id" = $1[0m  [["cat_id", 6]]
  ↳ db/seeds.rb:8
  [1m[36mCat Destroy (0.5ms)[0m  [1m[31mDELETE FROM "cats" WHERE "cats"."id" = $1[0m  [["id", 6]]
  ↳ db/seeds.rb:8
  [1m[35m (0.5ms)[0m  [1m[35mCOMMIT[0m
  ↳ db/seeds.rb:8
  [1m[35m (0.1ms)[0m  [1m[35mBEGIN[0m
  ↳ db/seeds.rb:8
  [1m[36mCatRentalRequest Load (0.3ms)[0m  [1m[34mSELECT "cat_rental_requests".* FROM "cat_rental_requests" WHERE "cat_rental_requests"."cat_id" = $1[0m  [["cat_id", 7]]
  ↳ db/seeds.rb:8
  [1m[36mCat Destroy (0.4ms)[0m  [1m[31mDELETE FROM "cats" WHERE "cats"."id" = $1[0m  [["id", 7]]
  ↳ db/seeds.rb:8
  [1m[35m (0.4ms)[0m  [1m[35mCOMMIT[0m
  ↳ db/seeds.rb:8
  [1m[35m (0.1ms)[0m  [1m[35mBEGIN[0m
  ↳ db/seeds.rb:8
  [1m[36mCatRentalRequest Load (0.3ms)[0m  [1m[34mSELECT "cat_rental_requests".* FROM "cat_rental_requests" WHERE "cat_rental_requests"."cat_id" = $1[0m  [["cat_id", 8]]
  ↳ db/seeds.rb:8
  [1m[36mCat Destroy (0.4ms)[0m  [1m[31mDELETE FROM "cats" WHERE "cats"."id" = $1[0m  [["id", 8]]
  ↳ db/seeds.rb:8
  [1m[35m (0.4ms)[0m  [1m[35mCOMMIT[0m
  ↳ db/seeds.rb:8
  [1m[35m (0.1ms)[0m  [1m[35mBEGIN[0m
  ↳ db/seeds.rb:8
  [1m[36mCatRentalRequest Load (0.4ms)[0m  [1m[34mSELECT "cat_rental_requests".* FROM "cat_rental_requests" WHERE "cat_rental_requests"."cat_id" = $1[0m  [["cat_id", 9]]
  ↳ db/seeds.rb:8
  [1m[36mCat Destroy (0.5ms)[0m  [1m[31mDELETE FROM "cats" WHERE "cats"."id" = $1[0m  [["id", 9]]
  ↳ db/seeds.rb:8
  [1m[35m (0.6ms)[0m  [1m[35mCOMMIT[0m
  ↳ db/seeds.rb:8
  [1m[35m (0.2ms)[0m  [1m[35mBEGIN[0m
  ↳ db/seeds.rb:10
  [1m[36mCat Create (0.8ms)[0m  [1m[32mINSERT INTO "cats" ("birth_date", "color", "name", "sex", "description", "created_at", "updated_at") VALUES ($1, $2, $3, $4, $5, $6, $7) RETURNING "id"[0m  [["birth_date", "1950-01-01"], ["color", "tabby"], ["name", "McGonanagal"], ["sex", "F"], ["description", "smart and stern"], ["created_at", "2018-11-13 23:21:22.435632"], ["updated_at", "2018-11-13 23:21:22.435632"]]
  ↳ db/seeds.rb:10
  [1m[35m (0.5ms)[0m  [1m[35mCOMMIT[0m
  ↳ db/seeds.rb:10
  [1m[35m (0.1ms)[0m  [1m[35mBEGIN[0m
  ↳ db/seeds.rb:11
  [1m[36mCat Create (0.5ms)[0m  [1m[32mINSERT INTO "cats" ("birth_date", "color", "name", "sex", "description", "created_at", "updated_at") VALUES ($1, $2, $3, $4, $5, $6, $7) RETURNING "id"[0m  [["birth_date", "1990-01-05"], ["color", "ginger"], ["name", "Crookshanks"], ["sex", "M"], ["description", "smart and grumpy"], ["created_at", "2018-11-13 23:21:22.439566"], ["updated_at", "2018-11-13 23:21:22.439566"]]
  ↳ db/seeds.rb:11
  [1m[35m (0.4ms)[0m  [1m[35mCOMMIT[0m
  ↳ db/seeds.rb:11
  [1m[35m (0.1ms)[0m  [1m[35mBEGIN[0m
  ↳ db/seeds.rb:12
  [1m[36mCat Create (0.5ms)[0m  [1m[32mINSERT INTO "cats" ("birth_date", "color", "name", "sex", "description", "created_at", "updated_at") VALUES ($1, $2, $3, $4, $5, $6, $7) RETURNING "id"[0m  [["birth_date", "2005-10-31"], ["color", "black"], ["name", "Lil Miss"], ["sex", "F"], ["description", "sassy and feral"], ["created_at", "2018-11-13 23:21:22.442515"], ["updated_at", "2018-11-13 23:21:22.442515"]]
  ↳ db/seeds.rb:12
  [1m[35m (0.5ms)[0m  [1m[35mCOMMIT[0m
  ↳ db/seeds.rb:12
  [1m[35m (0.1ms)[0m  [1m[35mBEGIN[0m
  ↳ db/seeds.rb:13
  [1m[36mCat Create (0.5ms)[0m  [1m[32mINSERT INTO "cats" ("birth_date", "color", "name", "sex", "description", "created_at", "updated_at") VALUES ($1, $2, $3, $4, $5, $6, $7) RETURNING "id"[0m  [["birth_date", "2009-02-06"], ["color", "blue"], ["name", "Kai"], ["sex", "M"], ["description", "chill and cool"], ["created_at", "2018-11-13 23:21:22.445207"], ["updated_at", "2018-11-13 23:21:22.445207"]]
  ↳ db/seeds.rb:13
  [1m[35m (0.5ms)[0m  [1m[35mCOMMIT[0m
  ↳ db/seeds.rb:13
  [1m[35m (0.1ms)[0m  [1m[35mBEGIN[0m
  ↳ db/seeds.rb:14
  [1m[36mCat Create (0.5ms)[0m  [1m[32mINSERT INTO "cats" ("birth_date", "color", "name", "sex", "description", "created_at", "updated_at") VALUES ($1, $2, $3, $4, $5, $6, $7) RETURNING "id"[0m  [["birth_date", "2000-10-30"], ["color", "brown"], ["name", "Gryffindor"], ["sex", "M"], ["description", "loyal and loving"], ["created_at", "2018-11-13 23:21:22.448050"], ["updated_at", "2018-11-13 23:21:22.448050"]]
  ↳ db/seeds.rb:14
  [1m[35m (0.5ms)[0m  [1m[35mCOMMIT[0m
  ↳ db/seeds.rb:14
  [1m[35m (0.2ms)[0m  [1m[35mBEGIN[0m
  ↳ db/seeds.rb:16
  [1m[36mCat Load (0.4ms)[0m  [1m[34mSELECT  "cats".* FROM "cats" WHERE "cats"."id" = $1 LIMIT $2[0m  [["id", 10], ["LIMIT", 1]]
  ↳ db/seeds.rb:16
  [1m[36mCatRentalRequest Create (0.8ms)[0m  [1m[32mINSERT INTO "cat_rental_requests" ("cat_id", "start_date", "end_date", "status", "created_at", "updated_at") VALUES ($1, $2, $3, $4, $5, $6) RETURNING "id"[0m  [["cat_id", 10], ["start_date", "2018-12-24"], ["end_date", "2018-12-30"], ["status", "APPROVED"], ["created_at", "2018-11-13 23:21:22.471934"], ["updated_at", "2018-11-13 23:21:22.471934"]]
  ↳ db/seeds.rb:16
  [1m[35m (0.5ms)[0m  [1m[35mCOMMIT[0m
  ↳ db/seeds.rb:16
  [1m[35m (0.1ms)[0m  [1m[35mBEGIN[0m
  ↳ db/seeds.rb:17
  [1m[36mCat Load (0.5ms)[0m  [1m[34mSELECT  "cats".* FROM "cats" WHERE "cats"."id" = $1 LIMIT $2[0m  [["id", 10], ["LIMIT", 1]]
  ↳ db/seeds.rb:17
  [1m[36mCatRentalRequest Create (0.6ms)[0m  [1m[32mINSERT INTO "cat_rental_requests" ("cat_id", "start_date", "end_date", "created_at", "updated_at") VALUES ($1, $2, $3, $4, $5) RETURNING "id"[0m  [["cat_id", 10], ["start_date", "2018-12-21"], ["end_date", "2018-12-26"], ["created_at", "2018-11-13 23:21:22.476740"], ["updated_at", "2018-11-13 23:21:22.476740"]]
  ↳ db/seeds.rb:17
  [1m[35m (0.5ms)[0m  [1m[35mCOMMIT[0m
  ↳ db/seeds.rb:17
  [1m[35m (0.1ms)[0m  [1m[35mBEGIN[0m
  ↳ db/seeds.rb:18
  [1m[36mCat Load (0.4ms)[0m  [1m[34mSELECT  "cats".* FROM "cats" WHERE "cats"."id" = $1 LIMIT $2[0m  [["id", 14], ["LIMIT", 1]]
  ↳ db/seeds.rb:18
  [1m[36mCatRentalRequest Create (0.5ms)[0m  [1m[32mINSERT INTO "cat_rental_requests" ("cat_id", "start_date", "end_date", "created_at", "updated_at") VALUES ($1, $2, $3, $4, $5) RETURNING "id"[0m  [["cat_id", 14], ["start_date", "2018-11-24"], ["end_date", "2018-12-30"], ["created_at", "2018-11-13 23:21:22.481148"], ["updated_at", "2018-11-13 23:21:22.481148"]]
  ↳ db/seeds.rb:18
  [1m[35m (0.5ms)[0m  [1m[35mCOMMIT[0m
  ↳ db/seeds.rb:18
  [1m[35m (0.2ms)[0m  [1m[35mBEGIN[0m
  ↳ db/seeds.rb:19
  [1m[36mCat Load (0.4ms)[0m  [1m[34mSELECT  "cats".* FROM "cats" WHERE "cats"."id" = $1 LIMIT $2[0m  [["id", 12], ["LIMIT", 1]]
  ↳ db/seeds.rb:19
  [1m[36mCatRentalRequest Create (0.4ms)[0m  [1m[32mINSERT INTO "cat_rental_requests" ("cat_id", "start_date", "end_date", "created_at", "updated_at") VALUES ($1, $2, $3, $4, $5) RETURNING "id"[0m  [["cat_id", 12], ["start_date", "2018-12-24"], ["end_date", "2018-12-30"], ["created_at", "2018-11-13 23:21:22.485738"], ["updated_at", "2018-11-13 23:21:22.485738"]]
  ↳ db/seeds.rb:19
  [1m[35m (0.5ms)[0m  [1m[35mCOMMIT[0m
  ↳ db/seeds.rb:19
  [1m[35m (0.2ms)[0m  [1m[35mBEGIN[0m
  ↳ db/seeds.rb:20
  [1m[36mCat Load (0.5ms)[0m  [1m[34mSELECT  "cats".* FROM "cats" WHERE "cats"."id" = $1 LIMIT $2[0m  [["id", 13], ["LIMIT", 1]]
  ↳ db/seeds.rb:20
  [1m[36mCatRentalRequest Create (0.5ms)[0m  [1m[32mINSERT INTO "cat_rental_requests" ("cat_id", "start_date", "end_date", "status", "created_at", "updated_at") VALUES ($1, $2, $3, $4, $5, $6) RETURNING "id"[0m  [["cat_id", 13], ["start_date", "2019-12-24"], ["end_date", "2019-12-30"], ["status", "APPROVED"], ["created_at", "2018-11-13 23:21:22.490225"], ["updated_at", "2018-11-13 23:21:22.490225"]]
  ↳ db/seeds.rb:20
  [1m[35m (0.5ms)[0m  [1m[35mCOMMIT[0m
  ↳ db/seeds.rb:20
  [1m[36mCatRentalRequest Load (1.0ms)[0m  [1m[34mSELECT "cat_rental_requests".* FROM "cat_rental_requests"[0m
  [1m[36mCat Load (0.8ms)[0m  [1m[34mSELECT  "cats".* FROM "cats" ORDER BY "cats"."id" DESC LIMIT $1[0m  [["LIMIT", 1]]
  [1m[36mCatRentalRequest Load (0.8ms)[0m  [1m[34mSELECT "cat_rental_requests".* FROM "cat_rental_requests" WHERE "cat_rental_requests"."cat_id" = $1[0m  [["cat_id", 14]]
  [1m[36mCatRentalRequest Load (0.4ms)[0m  [1m[34mSELECT  "cat_rental_requests".* FROM "cat_rental_requests" ORDER BY "cat_rental_requests"."id" ASC LIMIT $1[0m  [["LIMIT", 1]]
  [1m[36mCat Load (1.0ms)[0m  [1m[34mSELECT  "cats".* FROM "cats" WHERE "cats"."id" = $1 LIMIT $2[0m  [["id", 10], ["LIMIT", 1]]
  [1m[36mCatRentalRequest Load (0.4ms)[0m  [1m[34mSELECT "cat_rental_requests".* FROM "cat_rental_requests" WHERE "cat_rental_requests"."cat_id" = $1[0m  [["cat_id", 10]]
  [1m[36mCatRentalRequest Load (0.9ms)[0m  [1m[34mSELECT "cat_rental_requests".* FROM "cat_rental_requests" WHERE "cat_rental_requests"."cat_id" = $1[0m  [["cat_id", 10]]
  [1m[36mCatRentalRequest Load (0.7ms)[0m  [1m[34mSELECT "cat_rental_requests".* FROM "cat_rental_requests" WHERE "cat_rental_requests"."cat_id" = $1[0m  [["cat_id", 10]]
  [1m[36mCat Load (0.5ms)[0m  [1m[34mSELECT  "cats".* FROM "cats" WHERE "cats"."id" = $1 LIMIT $2[0m  [["id", 10], ["LIMIT", 1]]
  [1m[36mCat Load (0.6ms)[0m  [1m[34mSELECT  "cats".* FROM "cats" WHERE "cats"."id" = $1 LIMIT $2[0m  [["id", 10], ["LIMIT", 1]]
  [1m[36mCat Load (0.4ms)[0m  [1m[34mSELECT  "cats".* FROM "cats" WHERE "cats"."id" = $1 LIMIT $2[0m  [["id", 10], ["LIMIT", 1]]
  [1m[36mCatRentalRequest Load (1.0ms)[0m  [1m[34mSELECT "cat_rental_requests".* FROM "cat_rental_requests" WHERE "cat_rental_requests"."cat_id" = $1 AND ('2018-12-21' > end_date OR '2018-12-26' < start_date)[0m  [["cat_id", 10]]
  [1m[36mCatRentalRequest Load (0.7ms)[0m  [1m[34mSELECT "cat_rental_requests".* FROM "cat_rental_requests" WHERE "cat_rental_requests"."cat_id" = $1 AND ('2018-12-21' > end_date OR '2018-12-26' < start_date)[0m  [["cat_id", 10]]
  [1m[36mCat Load (0.5ms)[0m  [1m[34mSELECT  "cats".* FROM "cats" WHERE "cats"."id" = $1 LIMIT $2[0m  [["id", 10], ["LIMIT", 1]]
  [1m[36mCatRentalRequest Load (0.7ms)[0m  [1m[34mSELECT "cat_rental_requests".* FROM "cat_rental_requests" WHERE "cat_rental_requests"."cat_id" = $1 AND ('2018-12-21' < end_date OR '2018-12-26' > start_date)[0m  [["cat_id", 10]]
  [1m[36mCat Load (0.5ms)[0m  [1m[34mSELECT  "cats".* FROM "cats" WHERE "cats"."id" = $1 LIMIT $2[0m  [["id", 10], ["LIMIT", 1]]
  [1m[36mCatRentalRequest Load (0.8ms)[0m  [1m[34mSELECT "cat_rental_requests".* FROM "cat_rental_requests" WHERE "cat_rental_requests"."cat_id" = $1 AND ('2018-12-21' < end_date OR '2018-12-26' > start_date)[0m  [["cat_id", 10]]
  [1m[36mCat Load (0.3ms)[0m  [1m[34mSELECT  "cats".* FROM "cats" WHERE "cats"."id" = $1 LIMIT $2[0m  [["id", 10], ["LIMIT", 1]]
  [1m[36mCatRentalRequest Load (0.7ms)[0m  [1m[34mSELECT "cat_rental_requests".* FROM "cat_rental_requests" WHERE "cat_rental_requests"."cat_id" = $1 AND ('2018-12-21' < end_date OR '2018-12-26' > start_date)[0m  [["cat_id", 10]]
  [1m[36mCatRentalRequest Load (1.7ms)[0m  [1m[34mSELECT "cat_rental_requests".* FROM "cat_rental_requests" WHERE "cat_rental_requests"."cat_id" = $1 AND ('2018-12-21' < end_date OR '2018-12-26' > start_date) AND "cat_rental_requests"."status" = $2[0m  [["cat_id", 10], ["status", "APPROVED"]]
  [1m[36mCat Load (0.4ms)[0m  [1m[34mSELECT  "cats".* FROM "cats" WHERE "cats"."id" = $1 LIMIT $2[0m  [["id", 10], ["LIMIT", 1]]
  [1m[36mCatRentalRequest Exists (0.7ms)[0m  [1m[34mSELECT  1 AS one FROM "cat_rental_requests" WHERE "cat_rental_requests"."cat_id" = $1 AND ('2018-12-21' < end_date OR '2018-12-26' > start_date) AND "cat_rental_requests"."status" = $2 LIMIT $3[0m  [["cat_id", 10], ["status", "APPROVED"], ["LIMIT", 1]]
  [1m[36mCat Load (0.4ms)[0m  [1m[34mSELECT  "cats".* FROM "cats" WHERE "cats"."id" = $1 LIMIT $2[0m  [["id", 10], ["LIMIT", 1]]
  [1m[36mCatRentalRequest Exists (0.7ms)[0m  [1m[34mSELECT  1 AS one FROM "cat_rental_requests" WHERE "cat_rental_requests"."cat_id" = $1 AND ('2018-12-21' < end_date OR '2018-12-26' > start_date) AND "cat_rental_requests"."status" = $2 LIMIT $3[0m  [["cat_id", 10], ["status", "APPROVED"], ["LIMIT", 1]]
